<?xml version="1.0" encoding="UTF-8" ?>
<testsuite tests="10" failures="0" name="com.efimchick.ifmo.io.filetree.FileTreeTest" time="0.211" errors="0" skipped="0">
  <properties>
    <property name="idea.version" value="2023.1.3"/>
    <property name="java.runtime.name" value="OpenJDK Runtime Environment"/>
    <property name="java.vm.version" value="17.0.7+7-b1000.5"/>
    <property name="sun.boot.library.path" value="/home/mate/.jdks/jbr-17.0.7/lib"/>
    <property name="maven.multiModuleProjectDirectory" value="/home/mate/IdeaProjects/file-tree"/>
    <property name="java.vm.vendor" value="JetBrains s.r.o."/>
    <property name="java.vendor.url" value="https://openjdk.java.net/"/>
    <property name="guice.disable.misplaced.annotation.check" value="true"/>
    <property name="path.separator" value=":"/>
    <property name="java.vm.name" value="OpenJDK 64-Bit Server VM"/>
    <property name="user.country" value="US"/>
    <property name="sun.java.launcher" value="SUN_STANDARD"/>
    <property name="java.vm.specification.name" value="Java Virtual Machine Specification"/>
    <property name="user.dir" value="/home/mate/IdeaProjects/file-tree"/>
    <property name="jbr.virtualization.information" value="No virtualization detected"/>
    <property name="java.vm.compressedOopsMode" value="32-bit"/>
    <property name="java.runtime.version" value="17.0.7+7-b1000.5"/>
    <property name="os.arch" value="amd64"/>
    <property name="java.io.tmpdir" value="/tmp"/>
    <property name="line.separator" value="
"/>
    <property name="java.vm.specification.vendor" value="Oracle Corporation"/>
    <property name="os.name" value="Linux"/>
    <property name="maven.ext.class.path" value="/opt/intellij-idea-ultimate-edition/plugins/maven/lib/maven-event-listener.jar"/>
    <property name="classworlds.conf" value="/opt/intellij-idea-ultimate-edition/plugins/maven/lib/maven3/bin/m2.conf"/>
    <property name="sun.jnu.encoding" value="UTF-8"/>
    <property name="java.library.path" value="/usr/java/packages/lib:/usr/lib64:/lib64:/lib:/usr/lib"/>
    <property name="jansi.passthrough" value="true"/>
    <property name="maven.conf" value="/opt/intellij-idea-ultimate-edition/plugins/maven/lib/maven3/conf"/>
    <property name="jdk.debug" value="release"/>
    <property name="java.class.version" value="61.0"/>
    <property name="java.specification.name" value="Java Platform API Specification"/>
    <property name="sun.management.compiler" value="HotSpot 64-Bit Tiered Compilers"/>
    <property name="os.version" value="6.4.2-zen1-1-zen"/>
    <property name="user.home" value="/home/mate"/>
    <property name="user.timezone" value="Asia/Tbilisi"/>
    <property name="file.encoding" value="UTF-8"/>
    <property name="java.specification.version" value="17"/>
    <property name="user.name" value="mate"/>
    <property name="java.class.path" value="/opt/intellij-idea-ultimate-edition/plugins/maven/lib/maven3/boot/plexus-classworlds.license:/opt/intellij-idea-ultimate-edition/plugins/maven/lib/maven3/boot/plexus-classworlds-2.6.0.jar"/>
    <property name="java.vm.specification.version" value="17"/>
    <property name="sun.arch.data.model" value="64"/>
    <property name="sun.java.command" value="org.codehaus.classworlds.Launcher -Didea.version=2023.1.3 test"/>
    <property name="java.home" value="/home/mate/.jdks/jbr-17.0.7"/>
    <property name="user.language" value="en"/>
    <property name="java.specification.vendor" value="Oracle Corporation"/>
    <property name="java.vm.info" value="mixed mode"/>
    <property name="java.version" value="17.0.7"/>
    <property name="native.encoding" value="UTF-8"/>
    <property name="securerandom.source" value="file:/dev/./urandom"/>
    <property name="java.vendor" value="JetBrains s.r.o."/>
    <property name="maven.home" value="/opt/intellij-idea-ultimate-edition/plugins/maven/lib/maven3"/>
    <property name="file.separator" value="/"/>
    <property name="java.version.date" value="2023-04-18"/>
    <property name="java.vendor.url.bug" value="https://bugreport.java.com/bugreport/"/>
    <property name="sun.io.unicode.encoding" value="UnicodeLittle"/>
    <property name="sun.cpu.endian" value="little"/>
    <property name="java.vendor.version" value="JBR-17.0.7+7-1000.5-nomod"/>
  </properties>
  <testcase classname="com.efimchick.ifmo.io.filetree.FileTreeTest" name="testEmptyCases" time="0.01"/>
  <testcase classname="com.efimchick.ifmo.io.filetree.FileTreeTest" name="testFileCases" time="0"/>
  <testcase classname="com.efimchick.ifmo.io.filetree.FileTreeTest" name="testDirCase1" time="0.032"/>
  <testcase classname="com.efimchick.ifmo.io.filetree.FileTreeTest" name="testDirCase2" time="0.013"/>
  <testcase classname="com.efimchick.ifmo.io.filetree.FileTreeTest" name="testDirCase3" time="0.025"/>
  <testcase classname="com.efimchick.ifmo.io.filetree.FileTreeTest" name="testDirCase4" time="0.08"/>
  <testcase classname="com.efimchick.ifmo.io.filetree.FileTreeTest" name="testDirCase5" time="0.002"/>
  <testcase classname="com.efimchick.ifmo.io.filetree.FileTreeTest" name="testDirCase6" time="0.003"/>
  <testcase classname="com.efimchick.ifmo.io.filetree.FileTreeTest" name="testDirCase7" time="0.023"/>
  <testcase classname="com.efimchick.ifmo.io.filetree.FileTreeTest" name="testDirCase8" time="0.023"/>
</testsuite>